<?xml version="1.0" encoding="UTF-8"?>
<!-- Generated by org.testng.reporters.JUnitReportReporter -->
<testsuite hostname="Uday" failures="0" tests="26" name="runners.TestRunner" time="266.366" errors="0" timestamp="2026-05-25T15:44:04 IST" skipped="0">
  <testcase classname="runners.TestRunner" name="runScenario" time="8.129"/>
  <testcase classname="runners.TestRunner" name="runScenario" time="11.053"/>
  <testcase classname="runners.TestRunner" name="runScenario" time="10.785"/>
  <testcase classname="runners.TestRunner" name="runScenario" time="12.214"/>
  <testcase classname="runners.TestRunner" name="runScenario" time="7.007"/>
  <testcase classname="runners.TestRunner" name="runScenario" time="14.783"/>
  <testcase classname="runners.TestRunner" name="runScenario" time="9.398"/>
  <testcase classname="runners.TestRunner" name="runScenario" time="6.985"/>
  <testcase classname="runners.TestRunner" name="runScenario" time="14.577"/>
  <testcase classname="runners.TestRunner" name="runScenario" time="11.351"/>
  <testcase classname="runners.TestRunner" name="runScenario" time="8.718"/>
  <testcase classname="runners.TestRunner" name="runScenario" time="12.703"/>
  <testcase classname="runners.TestRunner" name="runScenario" time="8.193"/>
  <testcase classname="runners.TestRunner" name="runScenario" time="7.634"/>
  <testcase classname="runners.TestRunner" name="runScenario" time="9.033"/>
  <testcase classname="runners.TestRunner" name="runScenario" time="10.611"/>
  <testcase classname="runners.TestRunner" name="runScenario" time="8.543"/>
  <testcase classname="runners.TestRunner" name="runScenario" time="12.240"/>
  <testcase classname="runners.TestRunner" name="runScenario" time="12.794"/>
  <testcase classname="runners.TestRunner" name="runScenario" time="9.442"/>
  <testcase classname="runners.TestRunner" name="runScenario" time="8.054"/>
  <testcase classname="runners.TestRunner" name="runScenario" time="9.638"/>
  <testcase classname="runners.TestRunner" name="runScenario" time="11.833"/>
  <testcase classname="runners.TestRunner" name="runScenario" time="15.059"/>
  <testcase classname="runners.TestRunner" name="runScenario" time="7.347"/>
  <testcase classname="runners.TestRunner" name="runScenario" time="8.242"/>
</testsuite> <!-- runners.TestRunner -->
