<?xml version="1.0" encoding="UTF-8"?>
<!-- Generated by org.testng.reporters.JUnitReportReporter -->
<testsuite hostname="Uday" failures="0" tests="12" name="runners.TestRunner" time="0.359" errors="12" timestamp="2026-05-24T15:43:16 IST" skipped="0">
  <testcase classname="runners.TestRunner" name="runScenario" time="0.016">
    <error message="The step &#039;User launches ParaBank application&#039; and 3 other step(s) are undefined.
You can implement these steps using the snippet(s) below:

@Given(&quot;User launches ParaBank application&quot;)
public void user_launches_para_bank_application() {
    // Write code here that turns the phrase above into concrete actions
    throw new io.cucumber.java.PendingException();
}
@When(&quot;user logs into ParaBank application&quot;)
public void user_logs_into_para_bank_application() {
    // Write code here that turns the phrase above into concrete actions
    throw new io.cucumber.java.PendingException();
}
@When(&quot;user clicks on accounts overview&quot;)
public void user_clicks_on_accounts_overview() {
    // Write code here that turns the phrase above into concrete actions
    throw new io.cucumber.java.PendingException();
}
@Then(&quot;user should see account details and balances&quot;)
public void user_should_see_account_details_and_balances() {
    // Write code here that turns the phrase above into concrete actions
    throw new io.cucumber.java.PendingException();
}
" type="io.cucumber.testng.UndefinedStepException">
      <![CDATA[io.cucumber.testng.UndefinedStepException: The step 'User launches ParaBank application' and 3 other step(s) are undefined.
You can implement these steps using the snippet(s) below:

@Given("User launches ParaBank application")
public void user_launches_para_bank_application() {
    // Write code here that turns the phrase above into concrete actions
    throw new io.cucumber.java.PendingException();
}
@When("user logs into ParaBank application")
public void user_logs_into_para_bank_application() {
    // Write code here that turns the phrase above into concrete actions
    throw new io.cucumber.java.PendingException();
}
@When("user clicks on accounts overview")
public void user_clicks_on_accounts_overview() {
    // Write code here that turns the phrase above into concrete actions
    throw new io.cucumber.java.PendingException();
}
@Then("user should see account details and balances")
public void user_should_see_account_details_and_balances() {
    // Write code here that turns the phrase above into concrete actions
    throw new io.cucumber.java.PendingException();
}

at ✽.User launches ParaBank application(file:///C:/Users/udayk/eclipse/ParaBank_Capstone/src/test/resources/features/AccountOverview.feature:13)
]]>
    </error>
  </testcase> <!-- runScenario -->
  <testcase classname="runners.TestRunner" name="runScenario" time="0.027">
    <error message="The step &#039;User launches ParaBank application&#039; and 14 other step(s) are undefined.
You can implement these steps using the snippet(s) below:

@Given(&quot;User launches ParaBank application&quot;)
public void user_launches_para_bank_application() {
    // Write code here that turns the phrase above into concrete actions
    throw new io.cucumber.java.PendingException();
}
@When(&quot;user clicks on register link&quot;)
public void user_clicks_on_register_link() {
    // Write code here that turns the phrase above into concrete actions
    throw new io.cucumber.java.PendingException();
}
@When(&quot;user enters firstname&quot;)
public void user_enters_firstname() {
    // Write code here that turns the phrase above into concrete actions
    throw new io.cucumber.java.PendingException();
}
@When(&quot;user enters lastname&quot;)
public void user_enters_lastname() {
    // Write code here that turns the phrase above into concrete actions
    throw new io.cucumber.java.PendingException();
}
@When(&quot;user enters address&quot;)
public void user_enters_address() {
    // Write code here that turns the phrase above into concrete actions
    throw new io.cucumber.java.PendingException();
}
@When(&quot;user enters city&quot;)
public void user_enters_city() {
    // Write code here that turns the phrase above into concrete actions
    throw new io.cucumber.java.PendingException();
}
@When(&quot;user enters state&quot;)
public void user_enters_state() {
    // Write code here that turns the phrase above into concrete actions
    throw new io.cucumber.java.PendingException();
}
@When(&quot;user enters zipcode&quot;)
public void user_enters_zipcode() {
    // Write code here that turns the phrase above into concrete actions
    throw new io.cucumber.java.PendingException();
}
@When(&quot;user enters phone number&quot;)
public void user_enters_phone_number() {
    // Write code here that turns the phrase above into concrete actions
    throw new io.cucumber.java.PendingException();
}
@When(&quot;user enters ssn&quot;)
public void user_enters_ssn() {
    // Write code here that turns the phrase above into concrete actions
    throw new io.cucumber.java.PendingException();
}
@When(&quot;user enters username&quot;)
public void user_enters_username() {
    // Write code here that turns the phrase above into concrete actions
    throw new io.cucumber.java.PendingException();
}
@When(&quot;user enters password&quot;)
public void user_enters_password() {
    // Write code here that turns the phrase above into concrete actions
    throw new io.cucumber.java.PendingException();
}
@When(&quot;user enters confirm password&quot;)
public void user_enters_confirm_password() {
    // Write code here that turns the phrase above into concrete actions
    throw new io.cucumber.java.PendingException();
}
@When(&quot;user clicks register button&quot;)
public void user_clicks_register_button() {
    // Write code here that turns the phrase above into concrete actions
    throw new io.cucumber.java.PendingException();
}
@Then(&quot;user should register successfully&quot;)
public void user_should_register_successfully() {
    // Write code here that turns the phrase above into concrete actions
    throw new io.cucumber.java.PendingException();
}
" type="io.cucumber.testng.UndefinedStepException">
      <![CDATA[io.cucumber.testng.UndefinedStepException: The step 'User launches ParaBank application' and 14 other step(s) are undefined.
You can implement these steps using the snippet(s) below:

@Given("User launches ParaBank application")
public void user_launches_para_bank_application() {
    // Write code here that turns the phrase above into concrete actions
    throw new io.cucumber.java.PendingException();
}
@When("user clicks on register link")
public void user_clicks_on_register_link() {
    // Write code here that turns the phrase above into concrete actions
    throw new io.cucumber.java.PendingException();
}
@When("user enters firstname")
public void user_enters_firstname() {
    // Write code here that turns the phrase above into concrete actions
    throw new io.cucumber.java.PendingException();
}
@When("user enters lastname")
public void user_enters_lastname() {
    // Write code here that turns the phrase above into concrete actions
    throw new io.cucumber.java.PendingException();
}
@When("user enters address")
public void user_enters_address() {
    // Write code here that turns the phrase above into concrete actions
    throw new io.cucumber.java.PendingException();
}
@When("user enters city")
public void user_enters_city() {
    // Write code here that turns the phrase above into concrete actions
    throw new io.cucumber.java.PendingException();
}
@When("user enters state")
public void user_enters_state() {
    // Write code here that turns the phrase above into concrete actions
    throw new io.cucumber.java.PendingException();
}
@When("user enters zipcode")
public void user_enters_zipcode() {
    // Write code here that turns the phrase above into concrete actions
    throw new io.cucumber.java.PendingException();
}
@When("user enters phone number")
public void user_enters_phone_number() {
    // Write code here that turns the phrase above into concrete actions
    throw new io.cucumber.java.PendingException();
}
@When("user enters ssn")
public void user_enters_ssn() {
    // Write code here that turns the phrase above into concrete actions
    throw new io.cucumber.java.PendingException();
}
@When("user enters username")
public void user_enters_username() {
    // Write code here that turns the phrase above into concrete actions
    throw new io.cucumber.java.PendingException();
}
@When("user enters password")
public void user_enters_password() {
    // Write code here that turns the phrase above into concrete actions
    throw new io.cucumber.java.PendingException();
}
@When("user enters confirm password")
public void user_enters_confirm_password() {
    // Write code here that turns the phrase above into concrete actions
    throw new io.cucumber.java.PendingException();
}
@When("user clicks register button")
public void user_clicks_register_button() {
    // Write code here that turns the phrase above into concrete actions
    throw new io.cucumber.java.PendingException();
}
@Then("user should register successfully")
public void user_should_register_successfully() {
    // Write code here that turns the phrase above into concrete actions
    throw new io.cucumber.java.PendingException();
}

at ✽.User launches ParaBank application(file:///C:/Users/udayk/eclipse/ParaBank_Capstone/src/test/resources/features/Registration.feature:38)
]]>
    </error>
  </testcase> <!-- runScenario -->
  <testcase classname="runners.TestRunner" name="runScenario" time="0.017">
    <error message="The step &#039;User launches ParaBank application&#039; and 3 other step(s) are undefined.
You can implement these steps using the snippet(s) below:

@Given(&quot;User launches ParaBank application&quot;)
public void user_launches_para_bank_application() {
    // Write code here that turns the phrase above into concrete actions
    throw new io.cucumber.java.PendingException();
}
@When(&quot;User enters invalid username and valid password&quot;)
public void user_enters_invalid_username_and_valid_password() {
    // Write code here that turns the phrase above into concrete actions
    throw new io.cucumber.java.PendingException();
}
@When(&quot;User clicks login button&quot;)
public void user_clicks_login_button() {
    // Write code here that turns the phrase above into concrete actions
    throw new io.cucumber.java.PendingException();
}
@Then(&quot;User should see invalid login error message&quot;)
public void user_should_see_invalid_login_error_message() {
    // Write code here that turns the phrase above into concrete actions
    throw new io.cucumber.java.PendingException();
}
" type="io.cucumber.testng.UndefinedStepException">
      <![CDATA[io.cucumber.testng.UndefinedStepException: The step 'User launches ParaBank application' and 3 other step(s) are undefined.
You can implement these steps using the snippet(s) below:

@Given("User launches ParaBank application")
public void user_launches_para_bank_application() {
    // Write code here that turns the phrase above into concrete actions
    throw new io.cucumber.java.PendingException();
}
@When("User enters invalid username and valid password")
public void user_enters_invalid_username_and_valid_password() {
    // Write code here that turns the phrase above into concrete actions
    throw new io.cucumber.java.PendingException();
}
@When("User clicks login button")
public void user_clicks_login_button() {
    // Write code here that turns the phrase above into concrete actions
    throw new io.cucumber.java.PendingException();
}
@Then("User should see invalid login error message")
public void user_should_see_invalid_login_error_message() {
    // Write code here that turns the phrase above into concrete actions
    throw new io.cucumber.java.PendingException();
}

at ✽.User launches ParaBank application(file:///C:/Users/udayk/eclipse/ParaBank_Capstone/src/test/resources/features/Login.feature:13)
]]>
    </error>
  </testcase> <!-- runScenario -->
  <testcase classname="runners.TestRunner" name="runScenario" time="0.011">
    <error message="The step &#039;User launches ParaBank application&#039; and 3 other step(s) are undefined.
You can implement these steps using the snippet(s) below:

@Given(&quot;User launches ParaBank application&quot;)
public void user_launches_para_bank_application() {
    // Write code here that turns the phrase above into concrete actions
    throw new io.cucumber.java.PendingException();
}
@When(&quot;user clicks on register link&quot;)
public void user_clicks_on_register_link() {
    // Write code here that turns the phrase above into concrete actions
    throw new io.cucumber.java.PendingException();
}
@When(&quot;user clicks register button without entering mandatory fields&quot;)
public void user_clicks_register_button_without_entering_mandatory_fields() {
    // Write code here that turns the phrase above into concrete actions
    throw new io.cucumber.java.PendingException();
}
@Then(&quot;user should see mandatory field error&quot;)
public void user_should_see_mandatory_field_error() {
    // Write code here that turns the phrase above into concrete actions
    throw new io.cucumber.java.PendingException();
}
" type="io.cucumber.testng.UndefinedStepException">
      <![CDATA[io.cucumber.testng.UndefinedStepException: The step 'User launches ParaBank application' and 3 other step(s) are undefined.
You can implement these steps using the snippet(s) below:

@Given("User launches ParaBank application")
public void user_launches_para_bank_application() {
    // Write code here that turns the phrase above into concrete actions
    throw new io.cucumber.java.PendingException();
}
@When("user clicks on register link")
public void user_clicks_on_register_link() {
    // Write code here that turns the phrase above into concrete actions
    throw new io.cucumber.java.PendingException();
}
@When("user clicks register button without entering mandatory fields")
public void user_clicks_register_button_without_entering_mandatory_fields() {
    // Write code here that turns the phrase above into concrete actions
    throw new io.cucumber.java.PendingException();
}
@Then("user should see mandatory field error")
public void user_should_see_mandatory_field_error() {
    // Write code here that turns the phrase above into concrete actions
    throw new io.cucumber.java.PendingException();
}

at ✽.User launches ParaBank application(file:///C:/Users/udayk/eclipse/ParaBank_Capstone/src/test/resources/features/Registration.feature:30)
]]>
    </error>
  </testcase> <!-- runScenario -->
  <testcase classname="runners.TestRunner" name="runScenario" time="0.021">
    <error message="The step &#039;User launches ParaBank application&#039; and 3 other step(s) are undefined.
You can implement these steps using the snippet(s) below:

@Given(&quot;User launches ParaBank application&quot;)
public void user_launches_para_bank_application() {
    // Write code here that turns the phrase above into concrete actions
    throw new io.cucumber.java.PendingException();
}
@When(&quot;User enters invalid username and password&quot;)
public void user_enters_invalid_username_and_password() {
    // Write code here that turns the phrase above into concrete actions
    throw new io.cucumber.java.PendingException();
}
@When(&quot;User clicks login button&quot;)
public void user_clicks_login_button() {
    // Write code here that turns the phrase above into concrete actions
    throw new io.cucumber.java.PendingException();
}
@Then(&quot;User should see invalid login error message&quot;)
public void user_should_see_invalid_login_error_message() {
    // Write code here that turns the phrase above into concrete actions
    throw new io.cucumber.java.PendingException();
}
" type="io.cucumber.testng.UndefinedStepException">
      <![CDATA[io.cucumber.testng.UndefinedStepException: The step 'User launches ParaBank application' and 3 other step(s) are undefined.
You can implement these steps using the snippet(s) below:

@Given("User launches ParaBank application")
public void user_launches_para_bank_application() {
    // Write code here that turns the phrase above into concrete actions
    throw new io.cucumber.java.PendingException();
}
@When("User enters invalid username and password")
public void user_enters_invalid_username_and_password() {
    // Write code here that turns the phrase above into concrete actions
    throw new io.cucumber.java.PendingException();
}
@When("User clicks login button")
public void user_clicks_login_button() {
    // Write code here that turns the phrase above into concrete actions
    throw new io.cucumber.java.PendingException();
}
@Then("User should see invalid login error message")
public void user_should_see_invalid_login_error_message() {
    // Write code here that turns the phrase above into concrete actions
    throw new io.cucumber.java.PendingException();
}

at ✽.User launches ParaBank application(file:///C:/Users/udayk/eclipse/ParaBank_Capstone/src/test/resources/features/Login.feature:45)
]]>
    </error>
  </testcase> <!-- runScenario -->
  <testcase classname="runners.TestRunner" name="runScenario" time="0.007">
    <error message="The step &#039;User launches ParaBank application&#039; and 1 other step(s) are undefined.
You can implement these steps using the snippet(s) below:

@Given(&quot;User launches ParaBank application&quot;)
public void user_launches_para_bank_application() {
    // Write code here that turns the phrase above into concrete actions
    throw new io.cucumber.java.PendingException();
}
@When(&quot;user clicks on register link&quot;)
public void user_clicks_on_register_link() {
    // Write code here that turns the phrase above into concrete actions
    throw new io.cucumber.java.PendingException();
}
" type="io.cucumber.testng.UndefinedStepException">
      <![CDATA[io.cucumber.testng.UndefinedStepException: The step 'User launches ParaBank application' and 1 other step(s) are undefined.
You can implement these steps using the snippet(s) below:

@Given("User launches ParaBank application")
public void user_launches_para_bank_application() {
    // Write code here that turns the phrase above into concrete actions
    throw new io.cucumber.java.PendingException();
}
@When("user clicks on register link")
public void user_clicks_on_register_link() {
    // Write code here that turns the phrase above into concrete actions
    throw new io.cucumber.java.PendingException();
}

at ✽.User launches ParaBank application(file:///C:/Users/udayk/eclipse/ParaBank_Capstone/src/test/resources/features/Registration.feature:5)
]]>
    </error>
  </testcase> <!-- runScenario -->
  <testcase classname="runners.TestRunner" name="runScenario" time="0.014">
    <error message="The step &#039;User launches ParaBank application&#039; and 3 other step(s) are undefined.
You can implement these steps using the snippet(s) below:

@Given(&quot;User launches ParaBank application&quot;)
public void user_launches_para_bank_application() {
    // Write code here that turns the phrase above into concrete actions
    throw new io.cucumber.java.PendingException();
}
@When(&quot;User enters blank username and password&quot;)
public void user_enters_blank_username_and_password() {
    // Write code here that turns the phrase above into concrete actions
    throw new io.cucumber.java.PendingException();
}
@When(&quot;User clicks login button&quot;)
public void user_clicks_login_button() {
    // Write code here that turns the phrase above into concrete actions
    throw new io.cucumber.java.PendingException();
}
@Then(&quot;User should see invalid login error message&quot;)
public void user_should_see_invalid_login_error_message() {
    // Write code here that turns the phrase above into concrete actions
    throw new io.cucumber.java.PendingException();
}
" type="io.cucumber.testng.UndefinedStepException">
      <![CDATA[io.cucumber.testng.UndefinedStepException: The step 'User launches ParaBank application' and 3 other step(s) are undefined.
You can implement these steps using the snippet(s) below:

@Given("User launches ParaBank application")
public void user_launches_para_bank_application() {
    // Write code here that turns the phrase above into concrete actions
    throw new io.cucumber.java.PendingException();
}
@When("User enters blank username and password")
public void user_enters_blank_username_and_password() {
    // Write code here that turns the phrase above into concrete actions
    throw new io.cucumber.java.PendingException();
}
@When("User clicks login button")
public void user_clicks_login_button() {
    // Write code here that turns the phrase above into concrete actions
    throw new io.cucumber.java.PendingException();
}
@Then("User should see invalid login error message")
public void user_should_see_invalid_login_error_message() {
    // Write code here that turns the phrase above into concrete actions
    throw new io.cucumber.java.PendingException();
}

at ✽.User launches ParaBank application(file:///C:/Users/udayk/eclipse/ParaBank_Capstone/src/test/resources/features/Login.feature:29)
]]>
    </error>
  </testcase> <!-- runScenario -->
  <testcase classname="runners.TestRunner" name="runScenario" time="0.037">
    <error message="The step &#039;User launches ParaBank application&#039; and 14 other step(s) are undefined.
You can implement these steps using the snippet(s) below:

@Given(&quot;User launches ParaBank application&quot;)
public void user_launches_para_bank_application() {
    // Write code here that turns the phrase above into concrete actions
    throw new io.cucumber.java.PendingException();
}
@When(&quot;user clicks on register link&quot;)
public void user_clicks_on_register_link() {
    // Write code here that turns the phrase above into concrete actions
    throw new io.cucumber.java.PendingException();
}
@When(&quot;user enters firstname&quot;)
public void user_enters_firstname() {
    // Write code here that turns the phrase above into concrete actions
    throw new io.cucumber.java.PendingException();
}
@When(&quot;user enters lastname&quot;)
public void user_enters_lastname() {
    // Write code here that turns the phrase above into concrete actions
    throw new io.cucumber.java.PendingException();
}
@When(&quot;user enters address&quot;)
public void user_enters_address() {
    // Write code here that turns the phrase above into concrete actions
    throw new io.cucumber.java.PendingException();
}
@When(&quot;user enters city&quot;)
public void user_enters_city() {
    // Write code here that turns the phrase above into concrete actions
    throw new io.cucumber.java.PendingException();
}
@When(&quot;user enters state&quot;)
public void user_enters_state() {
    // Write code here that turns the phrase above into concrete actions
    throw new io.cucumber.java.PendingException();
}
@When(&quot;user enters zipcode&quot;)
public void user_enters_zipcode() {
    // Write code here that turns the phrase above into concrete actions
    throw new io.cucumber.java.PendingException();
}
@When(&quot;user enters phone number&quot;)
public void user_enters_phone_number() {
    // Write code here that turns the phrase above into concrete actions
    throw new io.cucumber.java.PendingException();
}
@When(&quot;user enters ssn&quot;)
public void user_enters_ssn() {
    // Write code here that turns the phrase above into concrete actions
    throw new io.cucumber.java.PendingException();
}
@When(&quot;user enters username&quot;)
public void user_enters_username() {
    // Write code here that turns the phrase above into concrete actions
    throw new io.cucumber.java.PendingException();
}
@When(&quot;user enters password&quot;)
public void user_enters_password() {
    // Write code here that turns the phrase above into concrete actions
    throw new io.cucumber.java.PendingException();
}
@When(&quot;user enters confirm password&quot;)
public void user_enters_confirm_password() {
    // Write code here that turns the phrase above into concrete actions
    throw new io.cucumber.java.PendingException();
}
@When(&quot;user clicks register button&quot;)
public void user_clicks_register_button() {
    // Write code here that turns the phrase above into concrete actions
    throw new io.cucumber.java.PendingException();
}
@Then(&quot;user should register successfully&quot;)
public void user_should_register_successfully() {
    // Write code here that turns the phrase above into concrete actions
    throw new io.cucumber.java.PendingException();
}
" type="io.cucumber.testng.UndefinedStepException">
      <![CDATA[io.cucumber.testng.UndefinedStepException: The step 'User launches ParaBank application' and 14 other step(s) are undefined.
You can implement these steps using the snippet(s) below:

@Given("User launches ParaBank application")
public void user_launches_para_bank_application() {
    // Write code here that turns the phrase above into concrete actions
    throw new io.cucumber.java.PendingException();
}
@When("user clicks on register link")
public void user_clicks_on_register_link() {
    // Write code here that turns the phrase above into concrete actions
    throw new io.cucumber.java.PendingException();
}
@When("user enters firstname")
public void user_enters_firstname() {
    // Write code here that turns the phrase above into concrete actions
    throw new io.cucumber.java.PendingException();
}
@When("user enters lastname")
public void user_enters_lastname() {
    // Write code here that turns the phrase above into concrete actions
    throw new io.cucumber.java.PendingException();
}
@When("user enters address")
public void user_enters_address() {
    // Write code here that turns the phrase above into concrete actions
    throw new io.cucumber.java.PendingException();
}
@When("user enters city")
public void user_enters_city() {
    // Write code here that turns the phrase above into concrete actions
    throw new io.cucumber.java.PendingException();
}
@When("user enters state")
public void user_enters_state() {
    // Write code here that turns the phrase above into concrete actions
    throw new io.cucumber.java.PendingException();
}
@When("user enters zipcode")
public void user_enters_zipcode() {
    // Write code here that turns the phrase above into concrete actions
    throw new io.cucumber.java.PendingException();
}
@When("user enters phone number")
public void user_enters_phone_number() {
    // Write code here that turns the phrase above into concrete actions
    throw new io.cucumber.java.PendingException();
}
@When("user enters ssn")
public void user_enters_ssn() {
    // Write code here that turns the phrase above into concrete actions
    throw new io.cucumber.java.PendingException();
}
@When("user enters username")
public void user_enters_username() {
    // Write code here that turns the phrase above into concrete actions
    throw new io.cucumber.java.PendingException();
}
@When("user enters password")
public void user_enters_password() {
    // Write code here that turns the phrase above into concrete actions
    throw new io.cucumber.java.PendingException();
}
@When("user enters confirm password")
public void user_enters_confirm_password() {
    // Write code here that turns the phrase above into concrete actions
    throw new io.cucumber.java.PendingException();
}
@When("user clicks register button")
public void user_clicks_register_button() {
    // Write code here that turns the phrase above into concrete actions
    throw new io.cucumber.java.PendingException();
}
@Then("user should register successfully")
public void user_should_register_successfully() {
    // Write code here that turns the phrase above into concrete actions
    throw new io.cucumber.java.PendingException();
}

at ✽.User launches ParaBank application(file:///C:/Users/udayk/eclipse/ParaBank_Capstone/src/test/resources/features/Registration.feature:11)
]]>
    </error>
  </testcase> <!-- runScenario -->
  <testcase classname="runners.TestRunner" name="runScenario" time="0.017">
    <error message="The step &#039;User launches ParaBank application&#039; and 3 other step(s) are undefined.
You can implement these steps using the snippet(s) below:

@Given(&quot;User launches ParaBank application&quot;)
public void user_launches_para_bank_application() {
    // Write code here that turns the phrase above into concrete actions
    throw new io.cucumber.java.PendingException();
}
@When(&quot;User enters valid username and password&quot;)
public void user_enters_valid_username_and_password() {
    // Write code here that turns the phrase above into concrete actions
    throw new io.cucumber.java.PendingException();
}
@When(&quot;User clicks login button&quot;)
public void user_clicks_login_button() {
    // Write code here that turns the phrase above into concrete actions
    throw new io.cucumber.java.PendingException();
}
@Then(&quot;User should navigate to account overview page&quot;)
public void user_should_navigate_to_account_overview_page() {
    // Write code here that turns the phrase above into concrete actions
    throw new io.cucumber.java.PendingException();
}
" type="io.cucumber.testng.UndefinedStepException">
      <![CDATA[io.cucumber.testng.UndefinedStepException: The step 'User launches ParaBank application' and 3 other step(s) are undefined.
You can implement these steps using the snippet(s) below:

@Given("User launches ParaBank application")
public void user_launches_para_bank_application() {
    // Write code here that turns the phrase above into concrete actions
    throw new io.cucumber.java.PendingException();
}
@When("User enters valid username and password")
public void user_enters_valid_username_and_password() {
    // Write code here that turns the phrase above into concrete actions
    throw new io.cucumber.java.PendingException();
}
@When("User clicks login button")
public void user_clicks_login_button() {
    // Write code here that turns the phrase above into concrete actions
    throw new io.cucumber.java.PendingException();
}
@Then("User should navigate to account overview page")
public void user_should_navigate_to_account_overview_page() {
    // Write code here that turns the phrase above into concrete actions
    throw new io.cucumber.java.PendingException();
}

at ✽.User launches ParaBank application(file:///C:/Users/udayk/eclipse/ParaBank_Capstone/src/test/resources/features/Login.feature:5)
]]>
    </error>
  </testcase> <!-- runScenario -->
  <testcase classname="runners.TestRunner" name="runScenario" time="0.015">
    <error message="The step &#039;User launches ParaBank application&#039; and 3 other step(s) are undefined.
You can implement these steps using the snippet(s) below:

@Given(&quot;User launches ParaBank application&quot;)
public void user_launches_para_bank_application() {
    // Write code here that turns the phrase above into concrete actions
    throw new io.cucumber.java.PendingException();
}
@Then(&quot;User should verify username textbox&quot;)
public void user_should_verify_username_textbox() {
    // Write code here that turns the phrase above into concrete actions
    throw new io.cucumber.java.PendingException();
}
@Then(&quot;User should verify password textbox&quot;)
public void user_should_verify_password_textbox() {
    // Write code here that turns the phrase above into concrete actions
    throw new io.cucumber.java.PendingException();
}
@Then(&quot;User should verify login button&quot;)
public void user_should_verify_login_button() {
    // Write code here that turns the phrase above into concrete actions
    throw new io.cucumber.java.PendingException();
}
" type="io.cucumber.testng.UndefinedStepException">
      <![CDATA[io.cucumber.testng.UndefinedStepException: The step 'User launches ParaBank application' and 3 other step(s) are undefined.
You can implement these steps using the snippet(s) below:

@Given("User launches ParaBank application")
public void user_launches_para_bank_application() {
    // Write code here that turns the phrase above into concrete actions
    throw new io.cucumber.java.PendingException();
}
@Then("User should verify username textbox")
public void user_should_verify_username_textbox() {
    // Write code here that turns the phrase above into concrete actions
    throw new io.cucumber.java.PendingException();
}
@Then("User should verify password textbox")
public void user_should_verify_password_textbox() {
    // Write code here that turns the phrase above into concrete actions
    throw new io.cucumber.java.PendingException();
}
@Then("User should verify login button")
public void user_should_verify_login_button() {
    // Write code here that turns the phrase above into concrete actions
    throw new io.cucumber.java.PendingException();
}

at ✽.User launches ParaBank application(file:///C:/Users/udayk/eclipse/ParaBank_Capstone/src/test/resources/features/Login.feature:37)
]]>
    </error>
  </testcase> <!-- runScenario -->
  <testcase classname="runners.TestRunner" name="runScenario" time="0.160">
    <error message="The step &#039;User launches ParaBank application&#039; and 3 other step(s) are undefined.
You can implement these steps using the snippet(s) below:

@Given(&quot;User launches ParaBank application&quot;)
public void user_launches_para_bank_application() {
    // Write code here that turns the phrase above into concrete actions
    throw new io.cucumber.java.PendingException();
}
@When(&quot;user logs into ParaBank application&quot;)
public void user_logs_into_para_bank_application() {
    // Write code here that turns the phrase above into concrete actions
    throw new io.cucumber.java.PendingException();
}
@When(&quot;user clicks on accounts overview&quot;)
public void user_clicks_on_accounts_overview() {
    // Write code here that turns the phrase above into concrete actions
    throw new io.cucumber.java.PendingException();
}
@Then(&quot;user should navigate to accounts overview page&quot;)
public void user_should_navigate_to_accounts_overview_page() {
    // Write code here that turns the phrase above into concrete actions
    throw new io.cucumber.java.PendingException();
}
" type="io.cucumber.testng.UndefinedStepException">
      <![CDATA[io.cucumber.testng.UndefinedStepException: The step 'User launches ParaBank application' and 3 other step(s) are undefined.
You can implement these steps using the snippet(s) below:

@Given("User launches ParaBank application")
public void user_launches_para_bank_application() {
    // Write code here that turns the phrase above into concrete actions
    throw new io.cucumber.java.PendingException();
}
@When("user logs into ParaBank application")
public void user_logs_into_para_bank_application() {
    // Write code here that turns the phrase above into concrete actions
    throw new io.cucumber.java.PendingException();
}
@When("user clicks on accounts overview")
public void user_clicks_on_accounts_overview() {
    // Write code here that turns the phrase above into concrete actions
    throw new io.cucumber.java.PendingException();
}
@Then("user should navigate to accounts overview page")
public void user_should_navigate_to_accounts_overview_page() {
    // Write code here that turns the phrase above into concrete actions
    throw new io.cucumber.java.PendingException();
}

at ✽.User launches ParaBank application(file:///C:/Users/udayk/eclipse/ParaBank_Capstone/src/test/resources/features/AccountOverview.feature:5)
]]>
    </error>
  </testcase> <!-- runScenario -->
  <testcase classname="runners.TestRunner" name="runScenario" time="0.017">
    <error message="The step &#039;User launches ParaBank application&#039; and 3 other step(s) are undefined.
You can implement these steps using the snippet(s) below:

@Given(&quot;User launches ParaBank application&quot;)
public void user_launches_para_bank_application() {
    // Write code here that turns the phrase above into concrete actions
    throw new io.cucumber.java.PendingException();
}
@When(&quot;User enters valid username and invalid password&quot;)
public void user_enters_valid_username_and_invalid_password() {
    // Write code here that turns the phrase above into concrete actions
    throw new io.cucumber.java.PendingException();
}
@When(&quot;User clicks login button&quot;)
public void user_clicks_login_button() {
    // Write code here that turns the phrase above into concrete actions
    throw new io.cucumber.java.PendingException();
}
@Then(&quot;User should see invalid login error message&quot;)
public void user_should_see_invalid_login_error_message() {
    // Write code here that turns the phrase above into concrete actions
    throw new io.cucumber.java.PendingException();
}
" type="io.cucumber.testng.UndefinedStepException">
      <![CDATA[io.cucumber.testng.UndefinedStepException: The step 'User launches ParaBank application' and 3 other step(s) are undefined.
You can implement these steps using the snippet(s) below:

@Given("User launches ParaBank application")
public void user_launches_para_bank_application() {
    // Write code here that turns the phrase above into concrete actions
    throw new io.cucumber.java.PendingException();
}
@When("User enters valid username and invalid password")
public void user_enters_valid_username_and_invalid_password() {
    // Write code here that turns the phrase above into concrete actions
    throw new io.cucumber.java.PendingException();
}
@When("User clicks login button")
public void user_clicks_login_button() {
    // Write code here that turns the phrase above into concrete actions
    throw new io.cucumber.java.PendingException();
}
@Then("User should see invalid login error message")
public void user_should_see_invalid_login_error_message() {
    // Write code here that turns the phrase above into concrete actions
    throw new io.cucumber.java.PendingException();
}

at ✽.User launches ParaBank application(file:///C:/Users/udayk/eclipse/ParaBank_Capstone/src/test/resources/features/Login.feature:21)
]]>
    </error>
  </testcase> <!-- runScenario -->
</testsuite> <!-- runners.TestRunner -->
